This is LuaHBTeX, Version 1.22.0 (MiKTeX 25.4) (format=lualatex 2025.9.12)  19 SEP 2025 02:08
 restricted system commands enabled.
**c:/Users/17169/Documents/MyWork/2501-fzu-LinearAlb-yfsu/homework/hw1/ans
(c:/Users/17169/Documents/MyWork/2501-fzu-LinearAlb-yfsu/homework/hw1/ans.tex
LaTeX2e <2025-06-01> patch level 1
L3 programming layer <2025-07-19>
Lua module: luaotfload 2024-12-03 v3.29 Lua based OpenType font support
Lua module: lualibs 2023-07-13 v2.76 ConTeXt Lua standard libraries.
Lua module: lualibs-extended 2023-07-13 v2.76 ConTeXt Lua libraries -- extended 
collection.
luaotfload | conf : Root cache directory is "C:/Users/17169/AppData/Local/MiKTeX
/luatex-cache/generic/names".
luaotfload | init : Loading fontloader "fontloader-2023-12-28.lua" from kpse-res
olved path "C:/Program Files/MiKTeX/tex/luatex/luaotfload/fontloader-2023-12-28.
lua".
Lua-only attribute luaotfload@noligature = 1
luaotfload | init : Context OpenType loader version 3.134
Inserting `luaotfload.node_processor' in `pre_linebreak_filter'.
Inserting `luaotfload.node_processor' in `hpack_filter'.
Inserting `luaotfload.glyph_stream' in `glyph_stream_provider'.
Inserting `luaotfload.define_font' in `define_font'.
Lua-only attribute luaotfload_color_attribute = 2
luaotfload | conf : Root cache directory is "C:/Users/17169/AppData/Local/MiKTeX
/luatex-cache/generic/names".
Inserting `luaotfload.harf.strip_prefix' in `find_opentype_file'.
Inserting `luaotfload.harf.strip_prefix' in `find_truetype_file'.
Removing  `luaotfload.glyph_stream' from `glyph_stream_provider'.
Inserting `luaotfload.harf.glyphstream' in `glyph_stream_provider'.
Inserting `luaotfload.harf.finalize_vlist' in `post_linebreak_filter'.
Inserting `luaotfload.harf.finalize_hlist' in `hpack_filter'.
Inserting `luaotfload.cleanup_files' in `wrapup_run'.
Inserting `luaotfload.harf.finalize_unicode' in `finish_pdffile'.
Inserting `luaotfload.glyphinfo' in `glyph_info'.
Lua-only attribute luaotfload.letterspace_done = 3
Inserting `luaotfload.aux.set_sscale_dimens' in `luaotfload.patch_font'.
Inserting `luaotfload.aux.set_font_index' in `luaotfload.patch_font'.
Inserting `luaotfload.aux.patch_cambria_domh' in `luaotfload.patch_font'.
Inserting `luaotfload.aux.fixup_fontdata' in `luaotfload.patch_font_unsafe'.
Inserting `luaotfload.aux.set_capheight' in `luaotfload.patch_font'.
Inserting `luaotfload.aux.set_xheight' in `luaotfload.patch_font'.
Inserting `luaotfload.rewrite_fontname' in `luaotfload.patch_font'.
Inserting `tracingstacklevels' in `input_level_string'. ("C:/Program Files/MiKT
eX/tex/latex/ctex/ctexart.cls"
("C:/Program Files/MiKTeX/tex/latex/ctex/config/ctexbackend.cfg"
File: ctexbackend.cfg 2022/07/14 v2.5.10 Backend configuration file (CTEX)
)
("C:/Program Files/MiKTeX/tex/latex/l3kernel/expl3.sty"
Package: expl3 2025-07-19 L3 programming layer (loader) 

("C:/Program Files/MiKTeX/tex/latex/l3backend/l3backend-luatex.def"
File: l3backend-luatex.def 2025-06-09 L3 backend support: PDF output (LuaTeX)
\l__color_backend_stack_int=\count273
Inserting `l3color' in `luaotfload.parse_color'.))
Document Class: ctexart 2022/07/14 v2.5.10 Chinese adapter for class article (C
TEX)
("C:/Program Files/MiKTeX/tex/latex/ctex/ctexhook.sty"
Package: ctexhook 2022/07/14 v2.5.10 Document and package hooks (CTEX)
\c__ctex_package_cctab=\catcodetable14
)
("C:/Program Files/MiKTeX/tex/latex/ctex/ctexpatch.sty"
Package: ctexpatch 2022/07/14 v2.5.10 Patching commands (CTEX)
)
("C:/Program Files/MiKTeX/tex/latex/base/fix-cm.sty"
Package: fix-cm 2020/11/24 v1.1t fixes to LaTeX

("C:/Program Files/MiKTeX/tex/latex/base/ts1enc.def"
File: ts1enc.def 2001/06/05 v3.0e (jk/car/fm) Standard LaTeX file
LaTeX Font Info:    Redeclaring font encoding TS1 on input line 47.
LaTeX Encoding Info:    Redeclaring text command \capitalcedilla (encoding TS1)
 on input line 49.
LaTeX Encoding Info:    Redeclaring text command \capitalogonek (encoding TS1) 
on input line 52.
LaTeX Encoding Info:    Redeclaring text command \capitalgrave (encoding TS1) o
n input line 55.
LaTeX Encoding Info:    Redeclaring text command \capitalacute (encoding TS1) o
n input line 56.
LaTeX Encoding Info:    Redeclaring text command \capitalcircumflex (encoding T
S1) on input line 57.
LaTeX Encoding Info:    Redeclaring text command \capitaltilde (encoding TS1) o
n input line 58.
LaTeX Encoding Info:    Redeclaring text command \capitaldieresis (encoding TS1
) on input line 59.
LaTeX Encoding Info:    Redeclaring text command \capitalhungarumlaut (encoding
 TS1) on input line 60.
LaTeX Encoding Info:    Redeclaring text command \capitalring (encoding TS1) on
 input line 61.
LaTeX Encoding Info:    Redeclaring text command \capitalcaron (encoding TS1) o
n input line 62.
LaTeX Encoding Info:    Redeclaring text command \capitalbreve (encoding TS1) o
n input line 63.
LaTeX Encoding Info:    Redeclaring text command \capitalmacron (encoding TS1) 
on input line 64.
LaTeX Encoding Info:    Redeclaring text command \capitaldotaccent (encoding TS
1) on input line 65.
LaTeX Encoding Info:    Redeclaring text command \t (encoding TS1) on input lin
e 66.
LaTeX Encoding Info:    Redeclaring text command \capitaltie (encoding TS1) on 
input line 67.
LaTeX Encoding Info:    Redeclaring text command \newtie (encoding TS1) on inpu
t line 68.
LaTeX Encoding Info:    Redeclaring text command \capitalnewtie (encoding TS1) 
on input line 69.
LaTeX Encoding Info:    Redeclaring text symbol \textcapitalcompwordmark (encod
ing TS1) on input line 70.
LaTeX Encoding Info:    Redeclaring text symbol \textascendercompwordmark (enco
ding TS1) on input line 71.
LaTeX Encoding Info:    Redeclaring text symbol \textquotestraightbase (encodin
g TS1) on input line 72.
LaTeX Encoding Info:    Redeclaring text symbol \textquotestraightdblbase (enco
ding TS1) on input line 73.
LaTeX Encoding Info:    Redeclaring text symbol \texttwelveudash (encoding TS1)
 on input line 74.
LaTeX Encoding Info:    Redeclaring text symbol \textthreequartersemdash (encod
ing TS1) on input line 75.
LaTeX Encoding Info:    Redeclaring text symbol \textleftarrow (encoding TS1) o
n input line 76.
LaTeX Encoding Info:    Redeclaring text symbol \textrightarrow (encoding TS1) 
on input line 77.
LaTeX Encoding Info:    Redeclaring text symbol \textblank (encoding TS1) on in
put line 78.
LaTeX Encoding Info:    Redeclaring text symbol \textdollar (encoding TS1) on i
nput line 79.
LaTeX Encoding Info:    Redeclaring text symbol \textquotesingle (encoding TS1)
 on input line 80.
LaTeX Encoding Info:    Redeclaring text command \textasteriskcentered (encodin
g TS1) on input line 81.
LaTeX Encoding Info:    Redeclaring text symbol \textdblhyphen (encoding TS1) o
n input line 92.
LaTeX Encoding Info:    Redeclaring text symbol \textfractionsolidus (encoding 
TS1) on input line 93.
LaTeX Encoding Info:    Redeclaring text symbol \textzerooldstyle (encoding TS1
) on input line 94.
LaTeX Encoding Info:    Redeclaring text symbol \textoneoldstyle (encoding TS1)
 on input line 95.
LaTeX Encoding Info:    Redeclaring text symbol \texttwooldstyle (encoding TS1)
 on input line 96.
LaTeX Encoding Info:    Redeclaring text symbol \textthreeoldstyle (encoding TS
1) on input line 97.
LaTeX Encoding Info:    Redeclaring text symbol \textfouroldstyle (encoding TS1
) on input line 98.
LaTeX Encoding Info:    Redeclaring text symbol \textfiveoldstyle (encoding TS1
) on input line 99.
LaTeX Encoding Info:    Redeclaring text symbol \textsixoldstyle (encoding TS1)
 on input line 100.
LaTeX Encoding Info:    Redeclaring text symbol \textsevenoldstyle (encoding TS
1) on input line 101.
LaTeX Encoding Info:    Redeclaring text symbol \texteightoldstyle (encoding TS
1) on input line 102.
LaTeX Encoding Info:    Redeclaring text symbol \textnineoldstyle (encoding TS1
) on input line 103.
LaTeX Encoding Info:    Redeclaring text symbol \textlangle (encoding TS1) on i
nput line 104.
LaTeX Encoding Info:    Redeclaring text symbol \textminus (encoding TS1) on in
put line 105.
LaTeX Encoding Info:    Redeclaring text symbol \textrangle (encoding TS1) on i
nput line 106.
LaTeX Encoding Info:    Redeclaring text symbol \textmho (encoding TS1) on inpu
t line 107.
LaTeX Encoding Info:    Redeclaring text symbol \textbigcircle (encoding TS1) o
n input line 108.
LaTeX Encoding Info:    Redeclaring text command \textcircled (encoding TS1) on
 input line 109.
LaTeX Encoding Info:    Redeclaring text symbol \textohm (encoding TS1) on inpu
t line 115.
LaTeX Encoding Info:    Redeclaring text symbol \textlbrackdbl (encoding TS1) o
n input line 116.
LaTeX Encoding Info:    Redeclaring text symbol \textrbrackdbl (encoding TS1) o
n input line 117.
LaTeX Encoding Info:    Redeclaring text symbol \textuparrow (encoding TS1) on 
input line 118.
LaTeX Encoding Info:    Redeclaring text symbol \textdownarrow (encoding TS1) o
n input line 119.
LaTeX Encoding Info:    Redeclaring text symbol \textasciigrave (encoding TS1) 
on input line 120.
LaTeX Encoding Info:    Redeclaring text symbol \textborn (encoding TS1) on inp
ut line 121.
LaTeX Encoding Info:    Redeclaring text symbol \textdivorced (encoding TS1) on
 input line 122.
LaTeX Encoding Info:    Redeclaring text symbol \textdied (encoding TS1) on inp
ut line 123.
LaTeX Encoding Info:    Redeclaring text symbol \textleaf (encoding TS1) on inp
ut line 124.
LaTeX Encoding Info:    Redeclaring text symbol \textmarried (encoding TS1) on 
input line 125.
LaTeX Encoding Info:    Redeclaring text symbol \textmusicalnote (encoding TS1)
 on input line 126.
LaTeX Encoding Info:    Redeclaring text symbol \texttildelow (encoding TS1) on
 input line 127.
LaTeX Encoding Info:    Redeclaring text symbol \textdblhyphenchar (encoding TS
1) on input line 128.
LaTeX Encoding Info:    Redeclaring text symbol \textasciibreve (encoding TS1) 
on input line 129.
LaTeX Encoding Info:    Redeclaring text symbol \textasciicaron (encoding TS1) 
on input line 130.
LaTeX Encoding Info:    Redeclaring text symbol \textacutedbl (encoding TS1) on
 input line 131.
LaTeX Encoding Info:    Redeclaring text symbol \textgravedbl (encoding TS1) on
 input line 132.
LaTeX Encoding Info:    Redeclaring text symbol \textdagger (encoding TS1) on i
nput line 133.
LaTeX Encoding Info:    Redeclaring text symbol \textdaggerdbl (encoding TS1) o
n input line 134.
LaTeX Encoding Info:    Redeclaring text symbol \textbardbl (encoding TS1) on i
nput line 135.
LaTeX Encoding Info:    Redeclaring text symbol \textperthousand (encoding TS1)
 on input line 136.
LaTeX Encoding Info:    Redeclaring text symbol \textbullet (encoding TS1) on i
nput line 137.
LaTeX Encoding Info:    Redeclaring text symbol \textcelsius (encoding TS1) on 
input line 138.
LaTeX Encoding Info:    Redeclaring text symbol \textdollaroldstyle (encoding T
S1) on input line 139.
LaTeX Encoding Info:    Redeclaring text symbol \textcentoldstyle (encoding TS1
) on input line 140.
LaTeX Encoding Info:    Redeclaring text symbol \textflorin (encoding TS1) on i
nput line 141.
LaTeX Encoding Info:    Redeclaring text symbol \textcolonmonetary (encoding TS
1) on input line 142.
LaTeX Encoding Info:    Redeclaring text symbol \textwon (encoding TS1) on inpu
t line 143.
LaTeX Encoding Info:    Redeclaring text symbol \textnaira (encoding TS1) on in
put line 144.
LaTeX Encoding Info:    Redeclaring text symbol \textguarani (encoding TS1) on 
input line 145.
LaTeX Encoding Info:    Redeclaring text symbol \textpeso (encoding TS1) on inp
ut line 146.
LaTeX Encoding Info:    Redeclaring text symbol \textlira (encoding TS1) on inp
ut line 147.
LaTeX Encoding Info:    Redeclaring text symbol \textrecipe (encoding TS1) on i
nput line 148.
LaTeX Encoding Info:    Redeclaring text symbol \textinterrobang (encoding TS1)
 on input line 149.
LaTeX Encoding Info:    Redeclaring text symbol \textinterrobangdown (encoding 
TS1) on input line 150.
LaTeX Encoding Info:    Redeclaring text symbol \textdong (encoding TS1) on inp
ut line 151.
LaTeX Encoding Info:    Redeclaring text symbol \texttrademark (encoding TS1) o
n input line 152.
LaTeX Encoding Info:    Redeclaring text symbol \textpertenthousand (encoding T
S1) on input line 153.
LaTeX Encoding Info:    Redeclaring text symbol \textpilcrow (encoding TS1) on 
input line 154.
LaTeX Encoding Info:    Redeclaring text symbol \textbaht (encoding TS1) on inp
ut line 155.
LaTeX Encoding Info:    Redeclaring text symbol \textnumero (encoding TS1) on i
nput line 156.
LaTeX Encoding Info:    Redeclaring text symbol \textdiscount (encoding TS1) on
 input line 157.
LaTeX Encoding Info:    Redeclaring text symbol \textestimated (encoding TS1) o
n input line 158.
LaTeX Encoding Info:    Redeclaring text symbol \textopenbullet (encoding TS1) 
on input line 159.
LaTeX Encoding Info:    Redeclaring text symbol \textservicemark (encoding TS1)
 on input line 160.
LaTeX Encoding Info:    Redeclaring text symbol \textlquill (encoding TS1) on i
nput line 161.
LaTeX Encoding Info:    Redeclaring text symbol \textrquill (encoding TS1) on i
nput line 162.
LaTeX Encoding Info:    Redeclaring text symbol \textcent (encoding TS1) on inp
ut line 163.
LaTeX Encoding Info:    Redeclaring text symbol \textsterling (encoding TS1) on
 input line 164.
LaTeX Encoding Info:    Redeclaring text symbol \textcurrency (encoding TS1) on
 input line 165.
LaTeX Encoding Info:    Redeclaring text symbol \textyen (encoding TS1) on inpu
t line 166.
LaTeX Encoding Info:    Redeclaring text symbol \textbrokenbar (encoding TS1) o
n input line 167.
LaTeX Encoding Info:    Redeclaring text symbol \textsection (encoding TS1) on 
input line 168.
LaTeX Encoding Info:    Redeclaring text symbol \textasciidieresis (encoding TS
1) on input line 169.
LaTeX Encoding Info:    Redeclaring text symbol \textcopyright (encoding TS1) o
n input line 170.
LaTeX Encoding Info:    Redeclaring text symbol \textordfeminine (encoding TS1)
 on input line 171.
LaTeX Encoding Info:    Redeclaring text symbol \textcopyleft (encoding TS1) on
 input line 172.
LaTeX Encoding Info:    Redeclaring text symbol \textlnot (encoding TS1) on inp
ut line 173.
LaTeX Encoding Info:    Redeclaring text symbol \textcircledP (encoding TS1) on
 input line 174.
LaTeX Encoding Info:    Redeclaring text symbol \textregistered (encoding TS1) 
on input line 175.
LaTeX Encoding Info:    Redeclaring text symbol \textasciimacron (encoding TS1)
 on input line 176.
LaTeX Encoding Info:    Redeclaring text symbol \textdegree (encoding TS1) on i
nput line 177.
LaTeX Encoding Info:    Redeclaring text symbol \textpm (encoding TS1) on input
 line 178.
LaTeX Encoding Info:    Redeclaring text symbol \texttwosuperior (encoding TS1)
 on input line 179.
LaTeX Encoding Info:    Redeclaring text symbol \textthreesuperior (encoding TS
1) on input line 180.
LaTeX Encoding Info:    Redeclaring text symbol \textasciiacute (encoding TS1) 
on input line 181.
LaTeX Encoding Info:    Redeclaring text symbol \textmu (encoding TS1) on input
 line 182.
LaTeX Encoding Info:    Redeclaring text symbol \textparagraph (encoding TS1) o
n input line 183.
LaTeX Encoding Info:    Redeclaring text symbol \textperiodcentered (encoding T
S1) on input line 184.
LaTeX Encoding Info:    Redeclaring text symbol \textreferencemark (encoding TS
1) on input line 185.
LaTeX Encoding Info:    Redeclaring text symbol \textonesuperior (encoding TS1)
 on input line 186.
LaTeX Encoding Info:    Redeclaring text symbol \textordmasculine (encoding TS1
) on input line 187.
LaTeX Encoding Info:    Redeclaring text symbol \textsurd (encoding TS1) on inp
ut line 188.
LaTeX Encoding Info:    Redeclaring text symbol \textonequarter (encoding TS1) 
on input line 189.
LaTeX Encoding Info:    Redeclaring text symbol \textonehalf (encoding TS1) on 
input line 190.
LaTeX Encoding Info:    Redeclaring text symbol \textthreequarters (encoding TS
1) on input line 191.
LaTeX Encoding Info:    Redeclaring text symbol \texteuro (encoding TS1) on inp
ut line 192.
LaTeX Encoding Info:    Redeclaring text symbol \texttimes (encoding TS1) on in
put line 193.
LaTeX Encoding Info:    Redeclaring text symbol \textdiv (encoding TS1) on inpu
t line 194.
))
\l__ctex_tmp_int=\count274
\l__ctex_tmp_box=\box53
\l__ctex_tmp_dim=\dimen147
\g__ctex_section_depth_int=\count275
\g__ctex_font_size_int=\count276
\g__cctab_next_cctab=\catcodetable15

("C:/Program Files/MiKTeX/tex/latex/ctex/config/ctexopts.cfg"
File: ctexopts.cfg 2022/07/14 v2.5.10 Option configuration file (CTEX)
)
("C:/Program Files/MiKTeX/tex/latex/base/article.cls"
Document Class: article 2025/01/22 v1.4n Standard LaTeX document class
("C:/Program Files/MiKTeX/tex/latex/base/size12.clo"
File: size12.clo 2025/01/22 v1.4n Standard LaTeX file (size option)
luaotfload | db : Font names database loaded from C:/Users/17169/AppData/Local/M
iKTeX/luatex-cache/generic/names/luaotfload-names.luc.gz)
\c@part=\count277
\c@section=\count278
\c@subsection=\count279
\c@subsubsection=\count280
\c@paragraph=\count281
\c@subparagraph=\count282
\c@figure=\count283
\c@table=\count284
\abovecaptionskip=\skip49
\belowcaptionskip=\skip50
\bibindent=\dimen148
)
("C:/Program Files/MiKTeX/tex/latex/ctex/engine/ctex-engine-luatex.def"
File: ctex-engine-luatex.def 2022/07/14 v2.5.10 LuaLaTeX adapter (CTEX)

("C:/Program Files/MiKTeX/tex/luatex/luatexja/luatexja.sty"
Package: luatexja 2025-07-23 Japanese Typesetting with Lua(La)TeX

("C:/Program Files/MiKTeX/tex/luatex/luatexja/luatexja-core.sty"
Package: luatexja-core 2023-10-07 Core of LuaTeX-ja

("C:/Program Files/MiKTeX/tex/generic/infwarerr/infwarerr.sty"
Package: infwarerr 2019/12/03 v1.5 Providing info/warning/error messages (HO)
)
("C:/Program Files/MiKTeX/tex/luatex/luatexbase/luatexbase.sty"
Package: luatexbase 2015/10/04 v1.3 luatexbase interface to LuaTeX 

("C:/Program Files/MiKTeX/tex/luatex/ctablestack/ctablestack.sty"
Package: ctablestack 2015/10/01 v1.0 Catcode table stable support
\@catcodetablestackcnt=\count285
)
\CatcodeTableOther=\catcodetable16
\CatcodeTableExpl=\catcodetable17
)
("C:/Program Files/MiKTeX/tex/generic/ltxcmds/ltxcmds.sty"
Package: ltxcmds 2023-12-04 v1.26 LaTeX kernel commands for general use (HO)
)
("C:/Program Files/MiKTeX/tex/generic/pdftexcmds/pdftexcmds.sty"
Package: pdftexcmds 2020-06-27 v0.33 Utility functions of pdfTeX for LuaTeX (HO
)

("C:/Program Files/MiKTeX/tex/generic/iftex/iftex.sty"
Package: iftex 2024/12/12 v1.0g TeX engine tests
)
Package pdftexcmds Info: \pdf@primitive is available.
Package pdftexcmds Info: \pdf@ifprimitive is available.
Package pdftexcmds Info: \pdfdraftmode found.
\pdftexcmds@toks=\toks17
)
("C:/Program Files/MiKTeX/tex/latex/xkeyval/xkeyval.sty"
Package: xkeyval 2022/06/16 v2.9 package option processing (HA)

("C:/Program Files/MiKTeX/tex/generic/xkeyval/xkeyval.tex"
("C:/Program Files/MiKTeX/tex/generic/xkeyval/xkvutils.tex"
\XKV@toks=\toks18
\XKV@tempa@toks=\toks19

("C:/Program Files/MiKTeX/tex/generic/xkeyval/keyval.tex"))
\XKV@depth=\count286
File: xkeyval.tex 2014/12/03 v2.7a key=value parser (HA)
))
("C:/Program Files/MiKTeX/tex/latex/etoolbox/etoolbox.sty"
Package: etoolbox 2025/02/11 v2.5l e-TeX tools for LaTeX (JAW)
\etb@tempcnta=\count287
)
("C:/Program Files/MiKTeX/tex/latex/everyhook/everyhook.sty"
("C:/Program Files/MiKTeX/tex/latex/svn-prov/svn-prov.sty"
Package: svn-prov 2010/04/24 v3.1862 Package Date/Version from SVN Keywords
)
Package: everyhook 2014/11/26 v1.2 (SVN Rev: 12)\ Hooks for low level TeX every
X primitives.
\everypar=\toks20
\frozen@everymath=\toks21
\frozen@everydisplay=\toks22
\everyhbox=\toks23
\everyvbox=\toks24
\everycr=\toks25
)
\ltjlineendcomment=\count288
\ltj@dimen@zw=\dimen149
\ltj@dimen@zh=\dimen150
\ltj@dimen@jQ=\dimen151
\ltj@icflag=\attribute4
\ltj@curjfnt=\attribute5
\ltj@curtfnt=\attribute6
\ltj@charclass=\attribute7
\ltj@charcode=\attribute8
\ltj@autospc=\attribute9
\ltj@autoxspc=\attribute10
\ltj@yablshift=\attribute11
\ltj@ykblshift=\attribute12
\ltj@tablshift=\attribute13
\ltj@tkblshift=\attribute14
\jfam=\attribute15
\ltj@vert@ori=\attribute16
\ltj@dir=\attribute17
\ltj@@japanese=\language2
\ltj@tempcnta=\count289
\ltj@tempdima=\dimen152
\ltj@@stack=\count290
\ltj@@group@level=\count291
\ltj@kcat0=\attribute18
\ltj@kcat1=\attribute19
\ltj@kcat2=\attribute20
\ltj@kcat3=\attribute21
\ltj@kcat4=\attribute22
\ltj@kcat5=\attribute23
\ltj@kcat6=\attribute24
Custom whatsit inhibitglue = 1
Custom whatsit stack_marker = 2
Custom whatsit begin_par = 3
Custom whatsit direction = 4
Custom whatsit box_boundary = 5
Custom whatsit ja_al_boundary = 6
Module luatexbase Info: Uninstalling kernel luatexbase code on input line 184
(load cache: ltj-cid-auto-adobe-japan1.luc)
Lua module: luatexja.charrange 2022-08-19 Handling the range of Japanese charact
ers
Lua module: luatexja.stack 2022-08-20 LuaTeX-ja stack system
Inserting `ltj.create_dir_whatsit' in `hpack_filter'.
Inserting `ltj.create_dir_whatsit' in `post_linebreak_filter'.
Inserting `ltj.direction' in `vpack_filter'.
Inserting `ltj.direction' in `pre_output_filter'.
Inserting `ltj.lineskip' in `post_linebreak_filter'.
Inserting `ltj.lineskip' in `append_to_vlist_filter'.
Lua module: luatexja.jfont 2025-05-04 Loader for Japanese fonts
Removing  `luaotfload.define_font' from `define_font'.
Inserting `luatexja.font_callback' in `define_font'.
Removing  `luaotfload.aux.set_sscale_dimens' from `luaotfload.patch_font'.
Removing  `luaotfload.aux.set_font_index' from `luaotfload.patch_font'.
Removing  `luaotfload.aux.patch_cambria_domh' from `luaotfload.patch_font'.
Removing  `luaotfload.aux.set_capheight' from `luaotfload.patch_font'.
Removing  `luaotfload.aux.set_xheight' from `luaotfload.patch_font'.
Removing  `luaotfload.rewrite_fontname' from `luaotfload.patch_font'.
Inserting `ltj.prepare_extra_data' in `luaotfload.patch_font'.
Inserting `luaotfload.aux.set_sscale_dimens' in `luaotfload.patch_font'.
Inserting `luaotfload.aux.set_font_index' in `luaotfload.patch_font'.
Inserting `luaotfload.aux.patch_cambria_domh' in `luaotfload.patch_font'.
Inserting `luaotfload.aux.set_capheight' in `luaotfload.patch_font'.
Inserting `luaotfload.aux.set_xheight' in `luaotfload.patch_font'.
Inserting `luaotfload.rewrite_fontname' in `luaotfload.patch_font'.
Inserting `ltj.prepare_extra_data' in `luatexja.define_font'.(load cache: extra_
lmroman12-regular.luc)
Inserting `ltj.get_vert_form' in `luatexja.define_jfont'.
Removing  `ltj.prepare_extra_data' from `luaotfload.patch_font'.
Removing  `luaotfload.aux.set_sscale_dimens' from `luaotfload.patch_font'.
Removing  `luaotfload.aux.set_font_index' from `luaotfload.patch_font'.
Removing  `luaotfload.aux.patch_cambria_domh' from `luaotfload.patch_font'.
Removing  `luaotfload.aux.set_capheight' from `luaotfload.patch_font'.
Removing  `luaotfload.aux.set_xheight' from `luaotfload.patch_font'.
Removing  `luaotfload.rewrite_fontname' from `luaotfload.patch_font'.
Inserting `ltj.supply_tounicode' in `luaotfload.patch_font'.
Inserting `ltj.prepare_extra_data' in `luaotfload.patch_font'.
Inserting `luaotfload.aux.set_sscale_dimens' in `luaotfload.patch_font'.
Inserting `luaotfload.aux.set_font_index' in `luaotfload.patch_font'.
Inserting `luaotfload.aux.patch_cambria_domh' in `luaotfload.patch_font'.
Inserting `luaotfload.aux.set_capheight' in `luaotfload.patch_font'.
Inserting `luaotfload.aux.set_xheight' in `luaotfload.patch_font'.
Inserting `luaotfload.rewrite_fontname' in `luaotfload.patch_font'.
Inserting `ltj.process_input_buffer' in `process_input_buffer'.
Inserting `ltj.hyphenate' in `hyphenate'.
Removing  `luaotfload.node_processor' from `hpack_filter'.
Removing  `luaotfload.harf.finalize_hlist' from `hpack_filter'.
Removing  `ltj.create_dir_whatsit' from `hpack_filter'.
Inserting `ltj.set_stack_level' in `hpack_filter'.
Inserting `luaotfload.node_processor' in `hpack_filter'.
Inserting `luaotfload.harf.finalize_hlist' in `hpack_filter'.
Inserting `ltj.create_dir_whatsit' in `hpack_filter'.
Removing  `luaotfload.node_processor' from `pre_linebreak_filter'.
Inserting `ltj.set_stack_level' in `pre_linebreak_filter'.
Inserting `luaotfload.node_processor' in `pre_linebreak_filter'.
Lua module: luatexja.jfmglue 2025-05-27 Insertion process of JFM glues, [x]kanji
skip and others
Inserting `luatexja.beginpar.np_info' in `luatexja.jfmglue.whatsit_getinfo'.
Inserting `luatexja.beginpar.np_info_after' in `luatexja.jfmglue.whatsit_after'.
Inserting `ltj.mlist_to_hlist_pre' in `pre_mlist_to_hlist_filter'.
Inserting `ltj.main' in `pre_linebreak_filter'.
Removing  `luaotfload.harf.finalize_hlist' from `hpack_filter'.
Removing  `ltj.create_dir_whatsit' from `hpack_filter'.
Inserting `ltj.main' in `hpack_filter'.
Inserting `luaotfload.harf.finalize_hlist' in `hpack_filter'.
Inserting `ltj.create_dir_whatsit' in `hpack_filter'.
Removing  `ltj.set_stack_level' from `pre_linebreak_filter'.
Removing  `luaotfload.node_processor' from `pre_linebreak_filter'.
Removing  `ltj.main' from `pre_linebreak_filter'.
Inserting `ltj.adjust_icflag' in `pre_linebreak_filter'.
Inserting `ltj.set_stack_level' in `pre_linebreak_filter'.
Inserting `luaotfload.node_processor' in `pre_linebreak_filter'.
Inserting `ltj.main' in `pre_linebreak_filter'.
Removing  `ltj.set_stack_level' from `hpack_filter'.
Removing  `luaotfload.node_processor' from `hpack_filter'.
Removing  `ltj.main' from `hpack_filter'.
Removing  `luaotfload.harf.finalize_hlist' from `hpack_filter'.
Removing  `ltj.create_dir_whatsit' from `hpack_filter'.
Inserting `ltj.adjust_icflag' in `hpack_filter'.
Inserting `ltj.set_stack_level' in `hpack_filter'.
Inserting `luaotfload.node_processor' in `hpack_filter'.
Inserting `ltj.main' in `hpack_filter'.
Inserting `luaotfload.harf.finalize_hlist' in `hpack_filter'.
Inserting `ltj.create_dir_whatsit' in `hpack_filter'.
("C:/Program Files/MiKTeX/tex/luatex/luatexja/ltj-base.sty"
Package: ltj-base 2021-03-16
\ltj@tempcntb=\count292
\ltj@tempcntc=\count293
\ltj@afbox=\box54
)
\ltj@@italic@inner=\luafunction29
\ltj@@start@time@measure@inner=\luafunction30
\ltj@@stop@time@measure@inner=\luafunction31
\ltj@@jfont@inner=\luafunction32
\ltj@zw@inner=\luafunction33
\ltj@zh@inner=\luafunction34
\ltj@reset@globaldefs@inner=\luafunction35
\ltj@restore@globaldefs@inner=\luafunction36
\ltj@@disihb@inner=\luafunction37
\ltj@@ihb@inner=\luafunction38
\ltj@@fakeparbegin@inner=\luafunction39
\ltj@@fakeboxbdd@inner=\luafunction40
\ltj@@ins@xk@inner=\luafunction41
\ltj@@ins@k@inner=\luafunction42
\ltjsetkanjiskip@inner=\luafunction43
\ltjsetxkanjiskip@inner=\luafunction44
\ltj@@getparam@one@inner=\luafunction45
\ltj@alljachar@inner=\luafunction46
\ltj@@lua@populate@insertwhatsit@inner=\luafunction47
\ltj@@vadjust@begin@inner=\luafunction48
\ltj@@vadjust@dirhook@inner=\luafunction49
\ltj@@vadjust@check@dir@inner=\luafunction50
\ltj@@box@dirhook@inner=\luafunction51
\ltj@@reset@badness@inner=\luafunction52
\ltj@@lua@raisebox@inner=\luafunction53
\ltj@@vsplit@inner=\luafunction54
\ltj@@lua@unboxcheckdir@inner=\luafunction55
\ltj@@lua@uncopycheckdir@inner=\luafunction56
\ltj@@lua@uncopy@restore@whatsit@inner=\luafunction57
(load cache: ltj-kinsoku_default.luc)

Package ctexhook Info: Package `ltj-latex' can not be loaded with `ctexart'.

LaTeX Info: Package 'ltj-latex.sty' has been disabled.
            Load request ignored on input line 780.
\ltj@temp@cctb=\catcodetable18
)
("C:/Program Files/MiKTeX/tex/luatex/luatexja/luatexja-compat.sty"
Package: luatexja-compat 2020-08-08 Compatibility with pTeX
(load cache: ltj-jisx0208.luc)
\hour=\count294
\minute=\count295
))
("C:/Program Files/MiKTeX/tex/latex/fontspec/fontspec.sty"
("C:/Program Files/MiKTeX/tex/latex/l3packages/xparse/xparse.sty"
Package: xparse 2024-08-16 L3 Experimental document command parser
)
Package: fontspec 2024/05/11 v2.9e Font selection for XeLaTeX and LuaLaTeX
Lua module: fontspec 2024/05/11 v2.9e Font selection for XeLaTeX and LuaLaTeX
("C:/Program Files/MiKTeX/tex/latex/fontspec/fontspec-luatex.sty"
Package: fontspec-luatex 2024/05/11 v2.9e Font selection for XeLaTeX and LuaLaT
eX
\l__fontspec_script_int=\count296
\l__fontspec_language_int=\count297
\l__fontspec_strnum_int=\count298
\l__fontspec_tmp_int=\count299
\l__fontspec_tmpa_int=\count300
\l__fontspec_tmpb_int=\count301
\l__fontspec_tmpc_int=\count302
\l__fontspec_em_int=\count303
\l__fontspec_emdef_int=\count304
\l__fontspec_strong_int=\count305
\l__fontspec_strongdef_int=\count306
\l__fontspec_tmpa_dim=\dimen153
\l__fontspec_tmpb_dim=\dimen154
\l__fontspec_tmpc_dim=\dimen155

("C:/Program Files/MiKTeX/tex/latex/base/fontenc.sty"
Package: fontenc 2024/12/21 v2.1c Standard LaTeX package
)
("C:/Program Files/MiKTeX/tex/latex/fontspec/fontspec.cfg")(load cache: extra_lm
roman12-bold.luc)))
\g__cctab_next_cctab=\catcodetable19

("C:/Program Files/MiKTeX/tex/latex/base/tuenc.def"
File: tuenc.def 2024/12/21 v2.1c Standard LaTeX file
\@remove@tlig@@@=\luafunction58
LaTeX Font Info:    Redeclaring font encoding TU on input line 105.
LaTeX Encoding Info:    Redeclaring text command \textquotesingle (encoding TU)
 on input line 148.
LaTeX Encoding Info:    Redeclaring text command \textasciigrave (encoding TU) 
on input line 149.
LaTeX Encoding Info:    Redeclaring text command \textquotedbl (encoding TU) on
 input line 150.
LaTeX Encoding Info:    Redeclaring text symbol \textdollar (encoding TU) on in
put line 151.
LaTeX Encoding Info:    Redeclaring text symbol \textless (encoding TU) on inpu
t line 152.
LaTeX Encoding Info:    Redeclaring text symbol \textgreater (encoding TU) on i
nput line 153.
LaTeX Encoding Info:    Redeclaring text symbol \textbackslash (encoding TU) on
 input line 154.
LaTeX Encoding Info:    Redeclaring text symbol \textasciicircum (encoding TU) 
on input line 155.
LaTeX Encoding Info:    Redeclaring text symbol \textunderscore (encoding TU) o
n input line 156.
LaTeX Encoding Info:    Redeclaring text symbol \textbraceleft (encoding TU) on
 input line 157.
LaTeX Encoding Info:    Redeclaring text symbol \textbar (encoding TU) on input
 line 158.
LaTeX Encoding Info:    Redeclaring text symbol \textbraceright (encoding TU) o
n input line 159.
LaTeX Encoding Info:    Redeclaring text symbol \textasciitilde (encoding TU) o
n input line 160.
LaTeX Encoding Info:    Redeclaring text symbol \textexclamdown (encoding TU) o
n input line 161.
LaTeX Encoding Info:    Redeclaring text symbol \textcent (encoding TU) on inpu
t line 162.
LaTeX Encoding Info:    Redeclaring text symbol \textsterling (encoding TU) on 
input line 163.
LaTeX Encoding Info:    Redeclaring text symbol \textcurrency (encoding TU) on 
input line 164.
LaTeX Encoding Info:    Redeclaring text symbol \textyen (encoding TU) on input
 line 165.
LaTeX Encoding Info:    Redeclaring text symbol \textbrokenbar (encoding TU) on
 input line 166.
LaTeX Encoding Info:    Redeclaring text symbol \textsection (encoding TU) on i
nput line 167.
LaTeX Encoding Info:    Redeclaring text symbol \textasciidieresis (encoding TU
) on input line 168.
LaTeX Encoding Info:    Redeclaring text symbol \textcopyright (encoding TU) on
 input line 169.
LaTeX Encoding Info:    Redeclaring text symbol \textordfeminine (encoding TU) 
on input line 170.
LaTeX Encoding Info:    Redeclaring text symbol \guillemetleft (encoding TU) on
 input line 171.
LaTeX Encoding Info:    Redeclaring text symbol \guillemotleft (encoding TU) on
 input line 172.
LaTeX Encoding Info:    Redeclaring text symbol \textlnot (encoding TU) on inpu
t line 173.
LaTeX Encoding Info:    Redeclaring text symbol \textregistered (encoding TU) o
n input line 174.
LaTeX Encoding Info:    Redeclaring text symbol \textasciimacron (encoding TU) 
on input line 175.
LaTeX Encoding Info:    Redeclaring text symbol \textdegree (encoding TU) on in
put line 176.
LaTeX Encoding Info:    Redeclaring text symbol \textpm (encoding TU) on input 
line 177.
LaTeX Encoding Info:    Redeclaring text symbol \texttwosuperior (encoding TU) 
on input line 178.
LaTeX Encoding Info:    Redeclaring text symbol \textthreesuperior (encoding TU
) on input line 179.
LaTeX Encoding Info:    Redeclaring text symbol \textasciiacute (encoding TU) o
n input line 180.
LaTeX Encoding Info:    Redeclaring text symbol \textmu (encoding TU) on input 
line 181.
LaTeX Encoding Info:    Redeclaring text symbol \textparagraph (encoding TU) on
 input line 182.
LaTeX Encoding Info:    Redeclaring text symbol \textperiodcentered (encoding T
U) on input line 183.
LaTeX Encoding Info:    Redeclaring text symbol \textonesuperior (encoding TU) 
on input line 184.
LaTeX Encoding Info:    Redeclaring text symbol \textordmasculine (encoding TU)
 on input line 185.
LaTeX Encoding Info:    Redeclaring text symbol \guillemetright (encoding TU) o
n input line 186.
LaTeX Encoding Info:    Redeclaring text symbol \guillemotright (encoding TU) o
n input line 187.
LaTeX Encoding Info:    Redeclaring text symbol \textonequarter (encoding TU) o
n input line 188.
LaTeX Encoding Info:    Redeclaring text symbol \textonehalf (encoding TU) on i
nput line 189.
LaTeX Encoding Info:    Redeclaring text symbol \textthreequarters (encoding TU
) on input line 190.
LaTeX Encoding Info:    Redeclaring text symbol \textquestiondown (encoding TU)
 on input line 191.
LaTeX Encoding Info:    Redeclaring text symbol \AE (encoding TU) on input line
 192.
LaTeX Encoding Info:    Redeclaring text symbol \DH (encoding TU) on input line
 193.
LaTeX Encoding Info:    Redeclaring text symbol \texttimes (encoding TU) on inp
ut line 194.
LaTeX Encoding Info:    Redeclaring text symbol \O (encoding TU) on input line 
195.
LaTeX Encoding Info:    Redeclaring text symbol \TH (encoding TU) on input line
 196.
LaTeX Encoding Info:    Redeclaring text symbol \ss (encoding TU) on input line
 197.
LaTeX Encoding Info:    Redeclaring text symbol \ae (encoding TU) on input line
 198.
LaTeX Encoding Info:    Redeclaring text symbol \dh (encoding TU) on input line
 199.
LaTeX Encoding Info:    Redeclaring text symbol \textdiv (encoding TU) on input
 line 200.
LaTeX Encoding Info:    Redeclaring text symbol \o (encoding TU) on input line 
201.
LaTeX Encoding Info:    Redeclaring text symbol \th (encoding TU) on input line
 202.
LaTeX Encoding Info:    Redeclaring text symbol \DJ (encoding TU) on input line
 203.
LaTeX Encoding Info:    Redeclaring text symbol \dj (encoding TU) on input line
 204.
LaTeX Encoding Info:    Redeclaring text symbol \i (encoding TU) on input line 
205.
LaTeX Encoding Info:    Redeclaring text symbol \IJ (encoding TU) on input line
 206.
LaTeX Encoding Info:    Redeclaring text symbol \ij (encoding TU) on input line
 207.
LaTeX Encoding Info:    Redeclaring text symbol \L (encoding TU) on input line 
208.
LaTeX Encoding Info:    Redeclaring text symbol \l (encoding TU) on input line 
209.
LaTeX Encoding Info:    Redeclaring text symbol \NG (encoding TU) on input line
 210.
LaTeX Encoding Info:    Redeclaring text symbol \ng (encoding TU) on input line
 211.
LaTeX Encoding Info:    Redeclaring text symbol \OE (encoding TU) on input line
 212.
LaTeX Encoding Info:    Redeclaring text symbol \oe (encoding TU) on input line
 213.
LaTeX Encoding Info:    Redeclaring text symbol \textflorin (encoding TU) on in
put line 214.
LaTeX Encoding Info:    Redeclaring text symbol \j (encoding TU) on input line 
215.
LaTeX Encoding Info:    Redeclaring text symbol \textasciicaron (encoding TU) o
n input line 216.
LaTeX Encoding Info:    Redeclaring text symbol \textasciibreve (encoding TU) o
n input line 217.
LaTeX Encoding Info:    Redeclaring text symbol \textacutedbl (encoding TU) on 
input line 218.
LaTeX Encoding Info:    Redeclaring text symbol \textgravedbl (encoding TU) on 
input line 219.
LaTeX Encoding Info:    Redeclaring text symbol \texttildelow (encoding TU) on 
input line 220.
LaTeX Encoding Info:    Redeclaring text symbol \textbaht (encoding TU) on inpu
t line 221.
LaTeX Encoding Info:    Redeclaring text symbol \SS (encoding TU) on input line
 222.
LaTeX Encoding Info:    Redeclaring text symbol \textcompwordmark (encoding TU)
 on input line 223.
LaTeX Encoding Info:    Redeclaring text symbol \textendash (encoding TU) on in
put line 224.
LaTeX Encoding Info:    Redeclaring text symbol \textemdash (encoding TU) on in
put line 225.
LaTeX Encoding Info:    Redeclaring text command \textnonbreakinghyphen (encodi
ng TU) on input line 226.
LaTeX Encoding Info:    Redeclaring text command \textfiguredash (encoding TU) 
on input line 228.
LaTeX Encoding Info:    Redeclaring text command \texthorizontalbar (encoding T
U) on input line 230.
LaTeX Encoding Info:    Redeclaring text symbol \textbardbl (encoding TU) on in
put line 232.
LaTeX Encoding Info:    Redeclaring text symbol \textquoteleft (encoding TU) on
 input line 233.
LaTeX Encoding Info:    Redeclaring text symbol \textquoteright (encoding TU) o
n input line 234.
LaTeX Encoding Info:    Redeclaring text symbol \quotesinglbase (encoding TU) o
n input line 235.
LaTeX Encoding Info:    Redeclaring text symbol \textquotedblleft (encoding TU)
 on input line 236.
LaTeX Encoding Info:    Redeclaring text symbol \textquotedblright (encoding TU
) on input line 237.
LaTeX Encoding Info:    Redeclaring text symbol \quotedblbase (encoding TU) on 
input line 238.
LaTeX Encoding Info:    Redeclaring text symbol \textdagger (encoding TU) on in
put line 239.
LaTeX Encoding Info:    Redeclaring text symbol \textdaggerdbl (encoding TU) on
 input line 240.
LaTeX Encoding Info:    Redeclaring text symbol \textbullet (encoding TU) on in
put line 241.
LaTeX Encoding Info:    Redeclaring text symbol \textellipsis (encoding TU) on 
input line 242.
LaTeX Encoding Info:    Redeclaring text symbol \textperthousand (encoding TU) 
on input line 243.
LaTeX Encoding Info:    Redeclaring text symbol \textpertenthousand (encoding T
U) on input line 244.
LaTeX Encoding Info:    Redeclaring text symbol \guilsinglleft (encoding TU) on
 input line 245.
LaTeX Encoding Info:    Redeclaring text symbol \guilsinglright (encoding TU) o
n input line 246.
LaTeX Encoding Info:    Redeclaring text symbol \textreferencemark (encoding TU
) on input line 247.
LaTeX Encoding Info:    Redeclaring text symbol \textinterrobang (encoding TU) 
on input line 248.
LaTeX Encoding Info:    Redeclaring text symbol \textfractionsolidus (encoding 
TU) on input line 249.
LaTeX Encoding Info:    Redeclaring text symbol \textlquill (encoding TU) on in
put line 250.
LaTeX Encoding Info:    Redeclaring text symbol \textrquill (encoding TU) on in
put line 251.
LaTeX Encoding Info:    Redeclaring text symbol \textdiscount (encoding TU) on 
input line 252.
LaTeX Encoding Info:    Redeclaring text symbol \textcolonmonetary (encoding TU
) on input line 253.
LaTeX Encoding Info:    Redeclaring text symbol \textlira (encoding TU) on inpu
t line 254.
LaTeX Encoding Info:    Redeclaring text symbol \textnaira (encoding TU) on inp
ut line 255.
LaTeX Encoding Info:    Redeclaring text symbol \textwon (encoding TU) on input
 line 256.
LaTeX Encoding Info:    Redeclaring text symbol \textdong (encoding TU) on inpu
t line 257.
LaTeX Encoding Info:    Redeclaring text symbol \texteuro (encoding TU) on inpu
t line 258.
LaTeX Encoding Info:    Redeclaring text symbol \textpeso (encoding TU) on inpu
t line 259.
LaTeX Encoding Info:    Redeclaring text symbol \textcelsius (encoding TU) on i
nput line 260.
LaTeX Encoding Info:    Redeclaring text symbol \textnumero (encoding TU) on in
put line 261.
LaTeX Encoding Info:    Redeclaring text symbol \textcircledP (encoding TU) on 
input line 262.
LaTeX Encoding Info:    Redeclaring text symbol \textrecipe (encoding TU) on in
put line 263.
LaTeX Encoding Info:    Redeclaring text symbol \textservicemark (encoding TU) 
on input line 264.
LaTeX Encoding Info:    Redeclaring text symbol \texttrademark (encoding TU) on
 input line 265.
LaTeX Encoding Info:    Redeclaring text symbol \textohm (encoding TU) on input
 line 266.
LaTeX Encoding Info:    Redeclaring text symbol \textmho (encoding TU) on input
 line 267.
LaTeX Encoding Info:    Redeclaring text symbol \textestimated (encoding TU) on
 input line 268.
LaTeX Encoding Info:    Redeclaring text symbol \textleftarrow (encoding TU) on
 input line 269.
LaTeX Encoding Info:    Redeclaring text symbol \textuparrow (encoding TU) on i
nput line 270.
LaTeX Encoding Info:    Redeclaring text symbol \textrightarrow (encoding TU) o
n input line 271.
LaTeX Encoding Info:    Redeclaring text symbol \textdownarrow (encoding TU) on
 input line 272.
LaTeX Encoding Info:    Redeclaring text symbol \textminus (encoding TU) on inp
ut line 273.
LaTeX Encoding Info:    Redeclaring text symbol \Hwithstroke (encoding TU) on i
nput line 275.
LaTeX Encoding Info:    Redeclaring text symbol \hwithstroke (encoding TU) on i
nput line 276.
LaTeX Encoding Info:    Redeclaring text command \textasteriskcentered (encodin
g TU) on input line 277.
LaTeX Encoding Info:    Redeclaring text symbol \textsurd (encoding TU) on inpu
t line 288.
LaTeX Encoding Info:    Redeclaring text symbol \textlangle (encoding TU) on in
put line 289.
LaTeX Encoding Info:    Redeclaring text symbol \textrangle (encoding TU) on in
put line 290.
LaTeX Encoding Info:    Redeclaring text symbol \textblank (encoding TU) on inp
ut line 291.
LaTeX Encoding Info:    Redeclaring text symbol \textvisiblespace (encoding TU)
 on input line 292.
LaTeX Encoding Info:    Redeclaring text symbol \textopenbullet (encoding TU) o
n input line 293.
LaTeX Encoding Info:    Redeclaring text symbol \textbigcircle (encoding TU) on
 input line 294.
LaTeX Encoding Info:    Redeclaring text symbol \textmusicalnote (encoding TU) 
on input line 295.
LaTeX Encoding Info:    Redeclaring text symbol \textmarried (encoding TU) on i
nput line 296.
LaTeX Encoding Info:    Redeclaring text symbol \textdivorced (encoding TU) on 
input line 297.
LaTeX Encoding Info:    Redeclaring text symbol \textinterrobangdown (encoding 
TU) on input line 298.
LaTeX Encoding Info:    Redeclaring text command \` (encoding TU) on input line
 299.
LaTeX Encoding Info:    Redeclaring text command \' (encoding TU) on input line
 300.
LaTeX Encoding Info:    Redeclaring text command \^ (encoding TU) on input line
 301.
LaTeX Encoding Info:    Redeclaring text command \~ (encoding TU) on input line
 302.
LaTeX Encoding Info:    Redeclaring text command \= (encoding TU) on input line
 303.
LaTeX Encoding Info:    Redeclaring text command \u (encoding TU) on input line
 304.
LaTeX Encoding Info:    Redeclaring text command \. (encoding TU) on input line
 305.
LaTeX Encoding Info:    Redeclaring text command \" (encoding TU) on input line
 306.
LaTeX Encoding Info:    Redeclaring text command \r (encoding TU) on input line
 307.
LaTeX Encoding Info:    Redeclaring text command \H (encoding TU) on input line
 308.
LaTeX Encoding Info:    Redeclaring text command \v (encoding TU) on input line
 309.
LaTeX Encoding Info:    Redeclaring text command \b (encoding TU) on input line
 310.
LaTeX Encoding Info:    Redeclaring text command \d (encoding TU) on input line
 311.
LaTeX Encoding Info:    Redeclaring text command \c (encoding TU) on input line
 312.
LaTeX Encoding Info:    Redeclaring text command \k (encoding TU) on input line
 313.
LaTeX Encoding Info:    Redeclaring text command \textcommabelow (encoding TU) 
on input line 314.
)
Lua function ctex_ltj_add_kyenc:n = 59
Lua function ctex_ltj_is_kenc:n = 60
Lua function ctex_ltj_patch_external_font:n = 61
Lua function ctex_ltj_set_alt_font:nnnn = 62
Lua function ctex_ltj_clear_alt_font:n = 63
Lua function ctex_ltj_pickup_alt_font:nn = 64
Lua function __ctex_ltj_pickup_alt_font:Nn = 65
Lua function __ctex_ltj_if_alt_set:nT = 66
Lua function ctex_ltj_zero_globaldefs: = 67
\symCJKmath=\mathgroup4
LaTeX Font Info:    Overwriting symbol font `CJKmath' in version `bold'
(Font)                  LTJY3/song/m/n --> LTJY3/song/b/n on input line 471.
\g__ctex_ltj_family_int=\count307
\ccwd=\dimen156
\l__ctex_ccglue_skip=\skip51
(load cache: ltj-cid-auto-adobe-gb1.luc)
(C:/Program Files/MiKTeX/tex/luatex/chinese-jfm/jfm-zh_CN.lua)
\l__ctex_xkanjiskip_skip=\skip52
\cht=\dimen157
\cdp=\dimen158
\cwd=\dimen159
Lua function ctex_update_kanjisize: = 68)
\l__ctex_ziju_dim=\dimen160

("C:/Program Files/MiKTeX/tex/latex/zhnumber/zhnumber.sty"
Package: zhnumber 2022/07/14 v3.0 Typesetting numbers with Chinese glyphs
\l__zhnum_scale_int=\count308
\l__zhnum_tmp_int=\count309

("C:/Program Files/MiKTeX/tex/latex/zhnumber/zhnumber-utf8.cfg"
File: zhnumber-utf8.cfg 2022/07/14 v3.0 Chinese numerals with UTF8 encoding
))
\l__ctex_heading_skip=\skip53

("C:/Program Files/MiKTeX/tex/latex/ctex/scheme/ctex-scheme-chinese-article.def
"
File: ctex-scheme-chinese-article.def 2022/07/14 v2.5.10 Chinese scheme for art
icle (CTEX)
 ("C:/Program Files/MiKTeX/tex/latex/ctex/config/ctex-name-utf8.cfg"
File: ctex-name-utf8.cfg 2022/07/14 v2.5.10 Caption with encoding UTF-8 (CTEX)
))(load cache: extra_lmroman10-regular.luc)
("C:/Program Files/MiKTeX/tex/latex/ctex/fontset/ctex-fontset-windows.def"
File: ctex-fontset-windows.def 2022/07/14 v2.5.10 Windows fonts definition (CTE
X)
luaotfload | cache : Lookup cache loaded from C:/Users/17169/AppData/Local/MiKTe
X/luatex-cache/generic/names/luaotfload-lookup-cache.luc.(load cache: extra_sims
un.luc)(load cache: extra_kaiti.luc)

Package fontspec Info: 
(fontspec)             Could not resolve font "KaiTi/B" (it probably doesn't
(fontspec)             exist).

(load cache: extra_simhei.luc)

Package fontspec Info: 
(fontspec)             Could not resolve font "SimHei/I" (it probably doesn't
(fontspec)             exist).


Package fontspec Info: 
(fontspec)             Could not resolve font "SimSun/BI" (it probably doesn't
(fontspec)             exist).


Package fontspec Info: 
(fontspec)             Font family 'SimSun(0)' created for font 'SimSun' with
(fontspec)             options
(fontspec)             [NFSSEncoding=LTJY3,JFM=zh_CN/quanjiao,BoldFont={SimHei}
,ItalicFont={KaiTi},LTJFONTUID=1].
(fontspec)              
(fontspec)              This font family consists of the following NFSS
(fontspec)             series/shapes:
(fontspec)              
(fontspec)             - 'normal' (m/n) with NFSS spec.:
(fontspec)             <->"name:SimSun:mode=node;script=latn;language=dflt;jfm=
zh_CN/quanjiao;"
(fontspec)             - 'bold' (b/n) with NFSS spec.:
(fontspec)             <->"name:SimHei:mode=node;script=latn;language=dflt;jfm=
zh_CN/quanjiao;"
(fontspec)             - 'italic' (m/it) with NFSS spec.:
(fontspec)             <->"name:KaiTi:mode=node;script=latn;language=dflt;jfm=z
h_CN/quanjiao;"

))
("C:/Program Files/MiKTeX/tex/latex/ctex/config/ctex.cfg"
File: ctex.cfg 2022/07/14 v2.5.10 Configuration file (CTEX)
)
("C:/Program Files/MiKTeX/tex/latex/geometry/geometry.sty"
Package: geometry 2020/01/02 v5.9 Page Geometry

("C:/Program Files/MiKTeX/tex/generic/iftex/ifvtex.sty"
Package: ifvtex 2019/10/25 v1.7 ifvtex legacy package. Use iftex instead.
)
\Gm@cnth=\count310
\Gm@cntv=\count311
\c@Gm@tempcnt=\count312
\Gm@bindingoffset=\dimen161
\Gm@wd@mp=\dimen162
\Gm@odd@mp=\dimen163
\Gm@even@mp=\dimen164
\Gm@layoutwidth=\dimen165
\Gm@layoutheight=\dimen166
\Gm@layouthoffset=\dimen167
\Gm@layoutvoffset=\dimen168
\Gm@dimlist=\toks26

("C:/Program Files/MiKTeX/tex/latex/geometry/geometry.cfg"))
("C:/Program Files/MiKTeX/tex/latex/amsmath/amsmath.sty"
Package: amsmath 2025/06/16 v2.17y AMS math features
\@mathmargin=\skip54

For additional information on amsmath, use the `?' option.
("C:/Program Files/MiKTeX/tex/latex/amsmath/amstext.sty"
Package: amstext 2024/11/17 v2.01 AMS text

("C:/Program Files/MiKTeX/tex/latex/amsmath/amsgen.sty"
File: amsgen.sty 1999/11/30 v2.0 generic functions
\@emptytoks=\toks27
\ex@=\dimen169
))
("C:/Program Files/MiKTeX/tex/latex/amsmath/amsbsy.sty"
Package: amsbsy 1999/11/29 v1.2d Bold Symbols
\pmbraise@=\dimen170
)
("C:/Program Files/MiKTeX/tex/latex/amsmath/amsopn.sty"
Package: amsopn 2022/04/08 v2.04 operator names
)
\inf@bad=\count313
LaTeX Info: Redefining \frac on input line 235.
\uproot@=\count314
\leftroot@=\count315
LaTeX Info: Redefining \overline on input line 398.
LaTeX Info: Redefining \colon on input line 409.
\classnum@=\count316
\DOTSCASE@=\count317
LaTeX Info: Redefining \ldots on input line 495.
LaTeX Info: Redefining \dots on input line 498.
LaTeX Info: Redefining \cdots on input line 619.
\Mathstrutbox@=\box55
\strutbox@=\box56
LaTeX Info: Redefining \big on input line 721.
LaTeX Info: Redefining \Big on input line 722.
LaTeX Info: Redefining \bigg on input line 723.
LaTeX Info: Redefining \Bigg on input line 724.
\big@size=\dimen171
LaTeX Font Info:    Redeclaring font encoding OML on input line 742.
LaTeX Font Info:    Redeclaring font encoding OMS on input line 743.
\macc@depth=\count318
LaTeX Info: Redefining \bmod on input line 904.
LaTeX Info: Redefining \pmod on input line 909.
LaTeX Info: Redefining \smash on input line 939.
LaTeX Info: Redefining \relbar on input line 969.
LaTeX Info: Redefining \Relbar on input line 970.
\c@MaxMatrixCols=\count319
\dotsspace@=\muskip17
\c@parentequation=\count320
\dspbrk@lvl=\count321
\tag@help=\toks28
\row@=\count322
\column@=\count323
\maxfields@=\count324
\andhelp@=\toks29
\eqnshift@=\dimen172
\alignsep@=\dimen173
\tagshift@=\dimen174
\tagwidth@=\dimen175
\totwidth@=\dimen176
\lineht@=\dimen177
\@envbody=\toks30
\multlinegap=\skip55
\multlinetaggap=\skip56
\mathdisplay@stack=\toks31
LaTeX Info: Redefining \[ on input line 2949.
LaTeX Info: Redefining \] on input line 2950.
)
("C:/Program Files/MiKTeX/tex/latex/amsfonts/amssymb.sty"
Package: amssymb 2013/01/14 v3.01 AMS font symbols

("C:/Program Files/MiKTeX/tex/latex/amsfonts/amsfonts.sty"
Package: amsfonts 2013/01/14 v3.01 Basic AMSFonts support
\symAMSa=\mathgroup5
\symAMSb=\mathgroup6
LaTeX Font Info:    Redeclaring math symbol \hbar on input line 98.
LaTeX Font Info:    Overwriting math alphabet `\mathfrak' in version `bold'
(Font)                  U/euf/m/n --> U/euf/b/n on input line 106.
))
("C:/Program Files/MiKTeX/tex/latex/mathtools/mathtools.sty"
Package: mathtools 2024/10/04 v1.31 mathematical typesetting tools

("C:/Program Files/MiKTeX/tex/latex/tools/calc.sty"
Package: calc 2025/03/01 v4.3b Infix arithmetic (KKT,FJ)
\calc@Acount=\count325
\calc@Bcount=\count326
\calc@Adimen=\dimen178
\calc@Bdimen=\dimen179
\calc@Askip=\skip57
\calc@Bskip=\skip58
LaTeX Info: Redefining \setlength on input line 86.
LaTeX Info: Redefining \addtolength on input line 87.
\calc@Ccount=\count327
\calc@Cskip=\skip59
)
("C:/Program Files/MiKTeX/tex/latex/mathtools/mhsetup.sty"
Package: mhsetup 2021/03/18 v1.4 programming setup (MH)
)
\g_MT_multlinerow_int=\count328
\l_MT_multwidth_dim=\dimen180
\origjot=\skip60
\l_MT_shortvdotswithinadjustabove_dim=\dimen181
\l_MT_shortvdotswithinadjustbelow_dim=\dimen182
\l_MT_above_intertext_sep=\dimen183
\l_MT_below_intertext_sep=\dimen184
\l_MT_above_shortintertext_sep=\dimen185
\l_MT_below_shortintertext_sep=\dimen186
\xmathstrut@box=\box57
\xmathstrut@dim=\dimen187
)
("C:/Program Files/MiKTeX/tex/latex/tools/bm.sty"
Package: bm 2023/12/19 v1.2f Bold Symbol Support (DPC/FMi)
\symboldoperators=\mathgroup7
\symboldletters=\mathgroup8
\symboldsymbols=\mathgroup9
Package bm Info: No bold for \OMX/cmex/m/n, using \pmb.
\symboldCJKmath=\mathgroup10
Package bm Info: No bold for \U/msa/m/n, using \pmb.
Package bm Info: No bold for \U/msb/m/n, using \pmb.
LaTeX Font Info:    Redeclaring math alphabet \mathbf on input line 149.
)
("C:/Program Files/MiKTeX/tex/latex/enumitem/enumitem.sty"
Package: enumitem 2025/02/06 v3.11 Customized lists
\enitkv@toks@=\toks32
\labelindent=\skip61
\enit@outerparindent=\dimen188
\enit@toks=\toks33
\enit@inbox=\box58
\enit@count@id=\count329
\enitdp@description=\count330
)
LaTeX Font Info:    Redeclaring symbol font `CJKmath' on input line 16.
LaTeX Font Info:    Overwriting symbol font `CJKmath' in version `normal'
(Font)                  LTJY3/song/m/n --> LTJY3/SimSun(0)/m/n on input line 16
.
LaTeX Font Info:    Overwriting symbol font `CJKmath' in version `bold'
(Font)                  LTJY3/song/b/n --> LTJY3/SimSun(0)/m/n on input line 16
.
LaTeX Font Info:    Overwriting symbol font `CJKmath' in version `bold'
(Font)                  LTJY3/SimSun(0)/m/n --> LTJY3/SimSun(0)/b/n on input li
ne 16.

(C:/Users/17169/Documents/MyWork/2501-fzu-LinearAlb-yfsu/homework/hw1/ans_cache
/ans.aux)
\openout1 = ans.aux

LaTeX Font Info:    Checking defaults for OML/cmm/m/it on input line 16.
LaTeX Font Info:    ... okay on input line 16.
LaTeX Font Info:    Checking defaults for OMS/cmsy/m/n on input line 16.
LaTeX Font Info:    ... okay on input line 16.
LaTeX Font Info:    Checking defaults for OT1/cmr/m/n on input line 16.
LaTeX Font Info:    ... okay on input line 16.
LaTeX Font Info:    Checking defaults for T1/cmr/m/n on input line 16.
LaTeX Font Info:    ... okay on input line 16.
LaTeX Font Info:    Checking defaults for TS1/cmr/m/n on input line 16.
LaTeX Font Info:    ... okay on input line 16.
LaTeX Font Info:    Checking defaults for TU/lmr/m/n on input line 16.
LaTeX Font Info:    ... okay on input line 16.
LaTeX Font Info:    Checking defaults for OMX/cmex/m/n on input line 16.
LaTeX Font Info:    ... okay on input line 16.
LaTeX Font Info:    Checking defaults for U/cmr/m/n on input line 16.
LaTeX Font Info:    ... okay on input line 16.
LaTeX Font Info:    Checking defaults for LTJY3/song/m/n on input line 16.
LaTeX Font Info:    ... okay on input line 16.

Package fontspec Info: 
(fontspec)             Adjusting the maths setup (use [no-math] to avoid
(fontspec)             this).

\symlegacymaths=\mathgroup11
LaTeX Font Info:    Overwriting symbol font `legacymaths' in version `bold'
(Font)                  OT1/cmr/m/n --> OT1/cmr/bx/n on input line 16.
LaTeX Font Info:    Redeclaring math accent \acute on input line 16.
LaTeX Font Info:    Redeclaring math accent \grave on input line 16.
LaTeX Font Info:    Redeclaring math accent \ddot on input line 16.
LaTeX Font Info:    Redeclaring math accent \tilde on input line 16.
LaTeX Font Info:    Redeclaring math accent \bar on input line 16.
LaTeX Font Info:    Redeclaring math accent \breve on input line 16.
LaTeX Font Info:    Redeclaring math accent \check on input line 16.
LaTeX Font Info:    Redeclaring math accent \hat on input line 16.
LaTeX Font Info:    Redeclaring math accent \dot on input line 16.
LaTeX Font Info:    Redeclaring math accent \mathring on input line 16.
LaTeX Font Info:    Redeclaring math symbol \Gamma on input line 16.
LaTeX Font Info:    Redeclaring math symbol \Delta on input line 16.
LaTeX Font Info:    Redeclaring math symbol \Theta on input line 16.
LaTeX Font Info:    Redeclaring math symbol \Lambda on input line 16.
LaTeX Font Info:    Redeclaring math symbol \Xi on input line 16.
LaTeX Font Info:    Redeclaring math symbol \Pi on input line 16.
LaTeX Font Info:    Redeclaring math symbol \Sigma on input line 16.
LaTeX Font Info:    Redeclaring math symbol \Upsilon on input line 16.
LaTeX Font Info:    Redeclaring math symbol \Phi on input line 16.
LaTeX Font Info:    Redeclaring math symbol \Psi on input line 16.
LaTeX Font Info:    Redeclaring math symbol \Omega on input line 16.
LaTeX Font Info:    Redeclaring math symbol \mathdollar on input line 16.
LaTeX Font Info:    Redeclaring symbol font `operators' on input line 16.
LaTeX Font Info:    Encoding `OT1' has changed to `TU' for symbol font
(Font)              `operators' in the math version `normal' on input line 16.
LaTeX Font Info:    Overwriting symbol font `operators' in version `normal'
(Font)                  OT1/cmr/m/n --> TU/lmr/m/n on input line 16.
LaTeX Font Info:    Encoding `OT1' has changed to `TU' for symbol font
(Font)              `operators' in the math version `bold' on input line 16.
LaTeX Font Info:    Overwriting symbol font `operators' in version `bold'
(Font)                  OT1/cmr/bx/n --> TU/lmr/m/n on input line 16.
LaTeX Font Info:    Overwriting symbol font `operators' in version `normal'
(Font)                  TU/lmr/m/n --> TU/lmr/m/n on input line 16.
LaTeX Font Info:    Overwriting math alphabet `\mathit' in version `normal'
(Font)                  OT1/cmr/m/it --> TU/lmr/m/it on input line 16.
LaTeX Font Info:    Overwriting math alphabet `\mathbf' in version `normal'
(Font)                  OT1/cmr/bx/n --> TU/lmr/b/n on input line 16.
LaTeX Font Info:    Overwriting math alphabet `\mathsf' in version `normal'
(Font)                  OT1/cmss/m/n --> TU/lmss/m/n on input line 16.
LaTeX Font Info:    Overwriting math alphabet `\mathtt' in version `normal'
(Font)                  OT1/cmtt/m/n --> TU/lmtt/m/n on input line 16.
LaTeX Font Info:    Overwriting symbol font `operators' in version `bold'
(Font)                  TU/lmr/m/n --> TU/lmr/b/n on input line 16.
LaTeX Font Info:    Overwriting math alphabet `\mathit' in version `bold'
(Font)                  OT1/cmr/bx/it --> TU/lmr/b/it on input line 16.
LaTeX Font Info:    Overwriting math alphabet `\mathsf' in version `bold'
(Font)                  OT1/cmss/bx/n --> TU/lmss/b/n on input line 16.
LaTeX Font Info:    Overwriting math alphabet `\mathtt' in version `bold'
(Font)                  OT1/cmtt/m/n --> TU/lmtt/b/n on input line 16.

*geometry* driver: auto-detecting
*geometry* detected driver: luatex
*geometry* verbose mode - [ preamble ] result:
* driver: luatex
* paper: a4paper
* layout: <same size as paper>
* layoutoffset:(h,v)=(0.0pt,0.0pt)
* modes: 
* h-part:(L,W,R)=(72.26999pt, 452.9679pt, 72.26999pt)
* v-part:(T,H,B)=(72.26999pt, 700.50687pt, 72.26999pt)
* \paperwidth=597.50787pt
* \paperheight=845.04684pt
* \textwidth=452.9679pt
* \textheight=700.50687pt
* \oddsidemargin=0.0pt
* \evensidemargin=0.0pt
* \topmargin=-37.0pt
* \headheight=12.0pt
* \headsep=25.0pt
* \topskip=12.0pt
* \footskip=30.0pt
* \marginparwidth=44.0pt
* \marginparsep=10.0pt
* \columnsep=10.0pt
* \skip\footins=10.8pt plus 4.0pt minus 2.0pt
* \hoffset=0.0pt
* \voffset=0.0pt
* \mag=1000
* \@twocolumnfalse
* \@twosidefalse
* \@mparswitchfalse
* \@reversemarginfalse
* (1in=72.27pt=25.4mm, 1cm=28.453pt)

("C:/Program Files/MiKTeX/tex/latex/graphics/graphicx.sty"
Package: graphicx 2024/12/31 v1.2e Enhanced LaTeX Graphics (DPC,SPQR)

("C:/Program Files/MiKTeX/tex/latex/graphics/graphics.sty"
Package: graphics 2024/08/06 v1.4g Standard LaTeX Graphics (DPC,SPQR)

("C:/Program Files/MiKTeX/tex/latex/graphics/trig.sty"
Package: trig 2023/12/02 v1.11 sin cos tan (DPC)
)
("C:/Program Files/MiKTeX/tex/latex/graphics-cfg/graphics.cfg"
File: graphics.cfg 2016/06/04 v1.11 sample graphics configuration
)
Package graphics Info: Driver file: luatex.def on input line 106.

("C:/Program Files/MiKTeX/tex/latex/graphics-def/luatex.def"
File: luatex.def 2024/04/13 v1.2e Graphics/color driver for luatex

("C:/Program Files/MiKTeX/tex/context/base/mkii/supp-pdf.mkii"
[Loading MPS to PDF converter (version 2006.09.02).]
\scratchcounter=\count331
\scratchdimen=\dimen189
\scratchbox=\box59
\nofMPsegments=\count332
\nofMParguments=\count333
\everyMPshowfont=\toks34
\MPscratchCnt=\count334
\MPscratchDim=\dimen190
\MPnumerator=\count335
\makeMPintoPDFobject=\count336
\everyMPtoPDFconversion=\toks35
))) ("C:/Program Files/MiKTeX/tex/latex/epstopdf-pkg/epstopdf-base.sty"
Package: epstopdf-base 2020-01-24 v2.11 Base part for package epstopdf
Package epstopdf-base Info: Redefining graphics rule for `.eps' on input line 4
85.

("C:/Program Files/MiKTeX/tex/latex/00miktex/epstopdf-sys.cfg"
File: epstopdf-sys.cfg 2021/03/18 v2.0 Configuration of epstopdf for MiKTeX
))
\Gin@req@height=\dimen191
\Gin@req@width=\dimen192
)(load cache: extra_lmroman17-regular.luc)(load cache: extra_lmroman7-regular.lu
c)
LaTeX Font Info:    Trying to load font information for U+msa on input line 17.


("C:/Program Files/MiKTeX/tex/latex/amsfonts/umsa.fd"
File: umsa.fd 2013/01/14 v3.01 AMS symbols A
)
LaTeX Font Info:    Trying to load font information for U+msb on input line 17.


("C:/Program Files/MiKTeX/tex/latex/amsfonts/umsb.fd"
File: umsb.fd 2013/01/14 v3.01 AMS symbols B
)
LaTeX Font Info:    Font shape `LTJY3/SimSun(0)/bx/n' in size <17.28> not avail
able
(Font)              Font shape `LTJY3/SimSun(0)/b/n' tried instead on input lin
e 19.
LaTeX Font Info:    Font shape `LTJY3/SimSun(0)/bx/n' in size <12> not availabl
e
(Font)              Font shape `LTJY3/SimSun(0)/b/n' tried instead on input lin
e 20.
(load cache: extra_lmroman8-regular.luc)(load cache: extra_lmroman6-regular.luc)
(load cache: extra_lmromandemi10-regular.luc)

[1

{C:/Users/17169/AppData/Local/MiKTeX/fonts/map/pdftex/pdftex.map}]

(load cache: extra_lmromanslant12-regular.luc)
LaTeX Font Info:    Font shape `LTJY3/SimSun(0)/m/sl' in size <12> not availabl
e
(Font)              Font shape `LTJY3/SimSun(0)/m/it' tried instead on input li
ne 86.
[2]

[3]
(C:/Users/17169/Documents/MyWork/2501-fzu-LinearAlb-yfsu/homework/hw1/ans_cache
/ans.aux)
 ***********
LaTeX2e <2025-06-01> patch level 1
L3 programming layer <2022/07/14>
 ***********
)

Here is how much of LuaTeX's memory you used:
 10408 strings out of 470133
 100000,794899 words of node,token memory allocated
 1106 words of node memory still in use:
   7 hlist, 2 vlist, 2 rule, 2 glue, 4 kern, 1 glyph, 250 attribute, 59 glue_spe
c, 31 attribute_list, 1 write, 10 user_defined nodes
   avail lists: 1:2,2:22448,3:283,4:162,5:116,6:33,7:2675,8:45,9:918,10:12,11:2
 38561 multiletter control sequences out of 65536+600000
 108 fonts using 127917559 bytes
 90i,9n,111p,476b,402s stack positions out of 10000i,1000n,20000p,200000b,200000s
<C:/Windows/Fonts/simhei.ttf><c:/program files/miktex/fonts/opentype/public/lm/l
mromandemi10-regular.otf><c:/program files/miktex/fonts/opentype/public/lm/lmrom
an12-bold.otf><c:/program files/miktex/fonts/opentype/public/lm/lmroman12-regula
r.otf><C:/Windows/Fonts/simsun.ttc><c:/program files/miktex/fonts/opentype/publi
c/lm/lmroman17-regular.otf><C:/Program Files/MiKTeX/fonts/type1/public/amsfonts/
cm/cmex10.pfb><C:/Program Files/MiKTeX/fonts/type1/public/amsfonts/cm/cmmi12.pfb
><C:/Program Files/MiKTeX/fonts/type1/public/amsfonts/cm/cmmi8.pfb><C:/Program F
iles/MiKTeX/fonts/type1/public/amsfonts/cm/cmr12.pfb><C:/Program Files/MiKTeX/fo
nts/type1/public/amsfonts/cm/cmr8.pfb><C:/Program Files/MiKTeX/fonts/type1/publi
c/amsfonts/cm/cmsy10.pfb><C:/Program Files/MiKTeX/fonts/type1/public/amsfonts/sy
mbols/msbm10.pfb>
Output written on ans.pdf (3 pages, 171500 bytes).

PDF statistics: 82 PDF objects out of 1000 (max. 8388607)
 0 named destinations out of 1000 (max. 131072)
 1 words of extra memory for PDF output out of 10000 (max. 100000000)

